[lojablackskull.com/produtob9e3.html]
[connect.facebook.net/en_US/fbevents.js]
[backblue.gif]
[fade.gif]
[index.html]
[use.fontawesome.com/releases/v5.0.1/css/all.css]
[cdn.shopify.com/s/files/1/0665/0039/5261/t/3/assets/themec891.css]
[code.jquery.com/jquery-3.6.0.min.js]
[code.jquery.com/jquery-migrate-3.4.0.min.js]
[cdn.shopify.com/shopifycloud/storefront-recaptcha-v3/v0.6/index.js]
[cdn.shopify.com/shopifycloud/shopify/assets/storefront/load_feature-ab38017af3cf759db0af0bbd1e75229f6a189f5bf1f2db42169630998b969021.js]
[cdn.shopify.com/shopifycloud/shopify/assets/storefront/features-87e8399988880142f2c62771b9d8f2ff6c290b3ff745dd426eb0dfe0db9d1dae.js]
[lojablackskull.com/index.html]
[cdn.shopify.com/shopifycloud/shopify/assets/storefront/bars/admin_bar_injector-0234fec916203bccf42fae8130aa2a06f3b84ab3962c96276185ad85db0e84fe.js]
[cdn.polyfill.io/v3/polyfill.mina617.js]
[cdn.shopify.com/s/files/1/0665/0039/5261/t/3/assets/theme.min8499.js]
[cdnjs.cloudflare.com/ajax/libs/font-awesome/4.7.0/css/font-awesome.min.css]
[cdn.shopify.com/s/files/1/0665/0039/5261/t/3/assets/custombc25.js]
[cdn.shopify.com/s/trekkie.storefront.e695302c3cd17296c85e559451c496db44e32e17.min.js]
[cdn.shopify.com/shopifycloud/shopify/assets/shop_events_listener-65cd0ba3fcd81a1df33f2510ec5bcf8c0e0958653b50e3965ec972dd638ee13f.js]
[cdn.shopify.com/shopifycloud/boomerang/shopify-boomerang-1.0.0.min.js]
[lojablackskull.com/produtos.html]
[lojablackskull.com/contato/index.html]
[cdn.shopify.com/s/files/1/0707/0973/9838/files/logo_200x@2x8291.png]
[lojablackskull.com/rastrear.html]
[lojablackskull.com/carrinho.html]
[lojablackskull.com/contato.html]
[cdn.shopify.com/s/files/1/0707/0973/9838/products/01_22f9855a-a623-4d3b-bd15-0142a75ee058_1600x76f1.png]
[lojablackskull.com/collections/all/index.html]
[cdn.shopify.com/s/files/1/0707/0973/9838/products/06_1600xefcf.png]
[ajax.googleapis.com/ajax/libs/jquery/1.11.1/jquery.min.js]
[lojablackskull.com/cart/index.html]
[cdn.shopify.com/s/files/1/0590/0963/0400/t/4/assets/icon-pix5d7a.png]
[ajax.googleapis.com/ajax/libs/jquery/3.2.1/jquery.min.js]
[unpkg.com/dayjs@1.8.21/dayjs.min.js]
[unpkg.com/dayjs@1.8.21/locale/pt-br.js]
[lojablackskull.com/search/index.html]
[cdn.shopify.com/shopifycloud/shopify/assets/no-image-2048-5e88c1b20e087fb7bbe9a3771824e743c244f437e4f8ba93bbf7b11b53f7824c.gif]
[lojablackskull.com/produtob9e3.html]
[connect.facebook.net/en_US/fbevents.js]
[use.fontawesome.com/releases/v5.0.1/css/all.css]
[cdn.shopify.com/s/files/1/0665/0039/5261/t/3/assets/themec891.css]
[lojablackskull.com/theme.css]
[i.imgur.com/TcThzJc.png]
[lojablackskull.com/produto0d7d.html]
[lojablackskull.com/produto5cee.html]
[lojablackskull.com/collections/frontpage/index.html]
[i.imgur.com/8H0xjzy.jpg]
[lojablackskull.com/produtod625.html]
[i.imgur.com/cRsldXs.jpg]
[lojablackskull.com/produto09c3.html]
[i.imgur.com/hoLebLA.jpg]
[lojablackskull.com/produtobce2.html]
[i.imgur.com/IMnN6Zk.jpg]
[lojablackskull.com/produto004c.html]
[i.imgur.com/LSeYexB.jpg]
[lojablackskull.com/produto64d0.html]
[i.imgur.com/pnOdeza.png]
[lojablackskull.com/produto79ff.html]
[i.imgur.com/baIT5jd.jpg]
[lojablackskull.com/produto9bb2.html]
[i.imgur.com/UixXjZq.jpg]
[lojablackskull.com/produtob3a3.html]
[i.imgur.com/R4vOgss.jpg]
[lojablackskull.com/produto0717.html]
[i.imgur.com/kdBonje.jpg]
[lojablackskull.com/produtodc6c.html]
[i.imgur.com/lM6rEul.jpg]
[lojablackskull.com/produtod5b4.html]
[i.imgur.com/mEKiKxy.png]
[lojablackskull.com/produtoec28.html]
[i.imgur.com/5JlHF0Q.png]
[lojablackskull.com/produto294f.html]
[i.imgur.com/Ix0WAS9.jpg]
[lojablackskull.com/produto662f.html]
[i.imgur.com/5q8gRcP.jpg]
[lojablackskull.com/produtoab5e.html]
[i.imgur.com/Xcz12MT.png]
[lojablackskull.com/produto4c30.html]
[i.imgur.com/MEiZ5uF.jpg]
[lojablackskull.com/produto132f.html]
[i.imgur.com/YD6HykD.jpg]
[lojablackskull.com/produtob182.html]
[i.imgur.com/nDA1XkX.jpg]
[lojablackskull.com/produto0468.html]
[i.imgur.com/99nM0Uh.jpg]
[lojablackskull.com/produtoacbf.html]
[i.imgur.com/nrqHWkP.jpg]
[lojablackskull.com/produto0724.html]
[i.imgur.com/SsULAHi.jpg]
[lojablackskull.com/produto8aa8.html]
[i.imgur.com/iTgSick.jpg]
[lojablackskull.com/produto28aa.html]
[i.imgur.com/ZflCUYV.jpg]
[lojablackskull.com/produtoe783.html]
[i.imgur.com/clBRdwd.jpg]
[lojablackskull.com/produto02b6.html]
[i.imgur.com/ykPkivC.jpg]
[lojablackskull.com/produtof3bc.html]
[i.imgur.com/169Xl5M.jpg]
[lojablackskull.com/produtoe8ec.html]
[i.imgur.com/42iwQFd.jpg]
[lojablackskull.com/produto3234.html]
[i.imgur.com/gsaNC4E.jpg]
[lojablackskull.com/produtod575.html]
[i.imgur.com/5QKK0nC.png]
[lojablackskull.com/produto0641.html]
[i.imgur.com/sMxmI7G.jpg]
[lojablackskull.com/produto1398.html]
[i.imgur.com/EXCi5U4.jpg]
[lojablackskull.com/produto2815.html]
[i.imgur.com/i68E5Lh.jpg]
[lojablackskull.com/produto9421.html]
[cdn.shopify.com/s/files/1/0707/0973/9838/files/luego_600x0e1a.png]
[lojablackskull.com/index.html]
[cdnjs.cloudflare.com/ajax/libs/font-awesome/4.7.0/css/font-awesome.min.css]
[lojablackskull.com/POST.html]
[lojablackskull.com/produtos.html]
[lojablackskull.com/contato/index.html]
[lojablackskull.com/rastrear.html]
[cdn.jsdelivr.net/npm/bootstrap@5.2.2/dist/css/bootstrap.min.css]
[cdn.jsdelivr.net/npm/bootstrap@5.2.2/dist/js/bootstrap.bundle.min.js]
[cdn.jsdelivr.net/npm/bootstrap@5.0.2/dist/css/bootstrap.min.css]
[cdn.jsdelivr.net/npm/bootstrap@5.0.2/dist/js/bootstrap.bundle.min.js]
[ajax.googleapis.com/ajax/libs/jquery/1.11.0/jquery.min.js]
[code.jquery.com/jquery-3.2.1.min.js]
[lojablackskull.com/credit.js]
[lojablackskull.com/credit.css]
[lojablackskull.com/index-2.html]
[lojablackskull.com/carrinho.html]
[lojablackskull.com/contato.html]
[cdn.shopify.com/s/files/1/0665/0039/5261/files/desc_1_225x@2x1c48.png]
[lojablackskull.com/pages/contact/index.html]
[lojablackskull.com/pages/index.html]
[cdn.shopify.com/s/files/1/0665/0039/5261/files/SEMANAmobile_800x6f2b.png]
[cdn.shopify.com/s/files/1/0665/0039/5261/files/SEMANA_BLACK_1200x9a65.png]
[lojablackskull.com/collections/frontpage/products/fogao-4-bocas-electrolux-automatico-com-grill-e-tripla-chama-prata/index.html]
[cdn.shopify.com/shopifycloud/shopify/assets/no-image-2048-5e88c1b20e087fb7bbe9a3771824e743c244f437e4f8ba93bbf7b11b53f7824c_600x.gif]
[lojablackskull.com/collections/frontpage/products/fritadeira-eletrica-sem-oleo-air-fryer-mondial-new-pratic-af-31-3-5l-com-timer/index.html]
[lojablackskull.com/collections/frontpage/products/kit-cafeteira-espresso-passione-vermelha-220v-40-capsulas/index.html]
[lojablackskull.com/collections/frontpage/products/micro-ondas-31l/index.html]
[lojablackskull.com/collections/frontpage/products/frigobar-philco-47l-compacto-porta-reversivel-pfg50p-preto-bivolt/index.html]
[lojablackskull.com/collections/frontpage/products/fritadeira-eletrica-12-litros-preta/index.html]
[lojablackskull.com/collections/frontpage/products/fogao-de-piso-atlas-monaco-top-glass-4-queimadores-127v-220v-mesa-de-vidro/index.html]
[lojablackskull.com/collections/frontpage/products/cooktop-5-bocas-philco-cook-chef-5-tc-a-gas-glp-preto-tripla-chama-cook-chef-5-tc/index.html]
[lojablackskull.com/collections/frontpage/products/geladeira-refrigerador-electrolux-frost-free-inox-inverse-454l-com-gavetao-prateleira-dobravel-db53x/index.html]
[lojablackskull.com/collections/frontpage/products/lava-e-seca-samsung-wd6000-conectada-wi-fi-com-ecobubble-wd11j64e4ax-inox-look-11-7-kg/index.html]
[lojablackskull.com/collections/frontpage/products/lavadora-arno-lavete-eco-10-ml81-cinza-bi-volt/index.html]
[lojablackskull.com/collections/frontpage/products/fogao-4-bocas-inox-com-mesa-de-vidro-atlas-agile-up-glass-bivolt/index.html]
[cdn.shopify.com/s/files/1/0665/0039/5261/files/semana_1_800xf6f1.png]
[lojablackskull.com/collections/utilidades-domesticas/index.html]
[lojablackskull.com/products/furadeira-e-parafusadeira-de-impacto-1-2-13mm-bivolt-a-bateria-20-volts-com-2-baterias-dcd776c2-dewalt/index.html]
[lojablackskull.com/products/ventilador-de-coluna-mallory-neo-air-15-air-timer-40cm-com-15-pas-140w-controle-remoto-preto-dourado/index.html]
[lojablackskull.com/products/lavadora-de-alta-pressao-wap-lider-2200-com-1800psi-trava-de-seguranca-jato-de-agua-leque-e-concentrado-aplicador-de-detergente-e-sistema-stop-total/index.html]
[cdn.shopify.com/s/files/1/0665/0039/5261/files/desc_11c48.png]
[lojablackskull.com/collections/all/index.html]
[lojablackskull.com/products/aspirador-de-po-e-agua/index.html]
[lojablackskull.com/cart/index.html]
[lojablackskull.com/search/index.html]
[lojablackskull.com/c.html]
[lojablackskull.com/b.html]
[lojablackskull.com/theme.css]
[lojablackskull.com/collections/frontpage/index.html]
[lojablackskull.com/produto0d7d.html]
[images.tcdn.com.br/img/img_prod/886766/180_tecido_fast_patch_termodinamico_24x35cm_cor_l209v_branco_696312354_1_0349dd553f8d96941204d30c0e72beec.jpg]
[i.imgur.com/vba7rUH.jpg]
[i.imgur.com/YTpB2Cg.png]
[lojablackskull.com/produto5cee.html]
[i.imgur.com/q7wyqCc.jpg]
[lojablackskull.com/produtod625.html]
[i.imgur.com/SsjN8Mk.jpg]
[lojablackskull.com/produto09c3.html]
[i.imgur.com/F0JFTYO.jpg]
[lojablackskull.com/produtobce2.html]
[i.imgur.com/jbcuxYB.jpg]
[lojablackskull.com/produto004c.html]
[i.imgur.com/g7XLqeB.jpg]
[lojablackskull.com/produto64d0.html]
[i.imgur.com/mVnDgmc.jpg]
[lojablackskull.com/produto79ff.html]
[i.imgur.com/Hk0tvXz.jpg]
[lojablackskull.com/produto9bb2.html]
[i.imgur.com/B4ECPt6.jpg]
[lojablackskull.com/produtob3a3.html]
[i.imgur.com/DIix7gv.jpg]
[lojablackskull.com/produto0717.html]
[i.imgur.com/jzNmRdS.jpg]
[lojablackskull.com/produtodc6c.html]
[i.imgur.com/DIt4B5e.png]
[lojablackskull.com/produtod5b4.html]
[i.imgur.com/xPUoDkk.jpg]
[lojablackskull.com/produtoec28.html]
[i.imgur.com/kVQSjQH.jpg]
[lojablackskull.com/produto294f.html]
[i.imgur.com/inz0pFf.jpg]
[lojablackskull.com/produto662f.html]
[lojablackskull.com/produtoab5e.html]
[lojablackskull.com/produto4c30.html]
[lojablackskull.com/produto132f.html]
[i.imgur.com/Be3QaV9.jpg]
[lojablackskull.com/produtob182.html]
[i.imgur.com/XGEfEps.jpg]
[lojablackskull.com/produto0468.html]
[i.imgur.com/21ABkDg.jpg]
[lojablackskull.com/produtoacbf.html]
[i.imgur.com/UP1cBTt.jpg]
[lojablackskull.com/produto0724.html]
[lojablackskull.com/produto8aa8.html]
[i.imgur.com/L22kaJt.jpg]
[lojablackskull.com/produto28aa.html]
[i.imgur.com/ybBmaTO.jpg]
[lojablackskull.com/produtoe783.html]
[i.imgur.com/rHdLMqN.jpg]
[lojablackskull.com/produto02b6.html]
[i.imgur.com/XXf6JnU.jpg]
[lojablackskull.com/produtof3bc.html]
[i.imgur.com/pBJWTl4.jpg]
[lojablackskull.com/produtoe8ec.html]
[i.imgur.com/YVZXiK1.jpg]
[lojablackskull.com/produto3234.html]
[i.imgur.com/N3mTRTk.png]
[lojablackskull.com/produtod575.html]
[i.imgur.com/3hAihr4.jpg]
[i.imgur.com/xI8506W.jpg]
[lojablackskull.com/produto0641.html]
[i.imgur.com/biOI2Si.jpg]
[i.imgur.com/w6vtgfx.jpg]
[lojablackskull.com/produto1398.html]
[i.imgur.com/2FaiLT9.jpg]
[i.imgur.com/00oxhbh.jpg]
[i.imgur.com/FBIbqsp.png]
[lojablackskull.com/produto2815.html]
[lojablackskull.com/produto9421.html]
[lojablackskull.com/contato/theme.html]
[lojablackskull.com/contato/rastrear.html]
[lojablackskull.com/contato/carrinho.html]
[lojablackskull.com/contato/produtos.html]
[lojablackskull.com/contato/contato.html]
[cdn.jsdelivr.net/npm/bootstrap@5.2.2/dist/css/bootstrap.min.css]
[cdn.jsdelivr.net/npm/bootstrap@5.0.2/dist/css/bootstrap.min.css]
[lojablackskull.com/credit.css]
[lojablackskull.com/vendor/bootstrap/css/bootstrap.min.html]
[lojablackskull.com/assets/css/fontawesome.html]
[lojablackskull.com/assets/css/templatemo-sixteen.html]
[lojablackskull.com/assets/css/owl.html]
[lojablackskull.com/index-2.html]
[lojablackskull.com/vendor/jquery/jquery.min.html]
[lojablackskull.com/vendor/bootstrap/js/bootstrap.bundle.min.html]
[lojablackskull.com/assets/js/custom.html]
[lojablackskull.com/assets/js/owl.html]
[lojablackskull.com/assets/js/slick.html]
[lojablackskull.com/assets/js/isotope.html]
[lojablackskull.com/assets/js/accordions.html]
[lojablackskull.com/collections/all/POST.html]
[lojablackskull.com/pages/contact/index.html]
[cdn.correios.com.br/animate/3.5.1/css/animate.min0e6d.css]
[rastreamento.correios.com.br/lib/font-awesome/css/font-awesome.min0e6d.css]
[rastreamento.correios.com.br/lib/bootstrap4/css/bootstrap.min0e6d.css]
[rastreamento.correios.com.br/static/css/reset.min0e6d.css]
[rastreamento.correios.com.br/core/templates/bunker/img/favi-ect.png]
[rastreamento.correios.com.br/core/templates/bunker/css/bunker0e6d.css]
[rastreamento.correios.com.br/static/css/global0e6d.css]
[rastreamento.correios.com.br/core/templates/bunker/img/rodape/monitor.png]
[rastreamento.correios.com.br/core/templates/bunker/img/rodape/duvida.png]
[rastreamento.correios.com.br/core/templates/bunker/img/rodape/negocios.png]
[rastreamento.correios.com.br/core/templates/bunker/img/rodape/headset.png]
[rastreamento.correios.com.br/core/templates/bunker/img/rodape/ouvidoria.png]
[rastreamento.correios.com.br/core/templates/bunker/img/rodape/denuncia.png]
[rastreamento.correios.com.br/core/templates/bunker/img/rodape/identidade.png]
[rastreamento.correios.com.br/core/templates/bunker/img/rodape/cadeado.png]
[rastreamento.correios.com.br/core/templates/bunker/img/rodape/loja correios.png]
[rastreamento.correios.com.br/core/templates/bunker/js/bunkereccb.js]
[rastreamento.correios.com.br/static/js/global.js]
[rastreamento.correios.com.br/lib/jquery/jquery.js]
[rastreamento.correios.com.br/lib/jquery/js/jquery.mask.min.js]
[rastreamento.correios.com.br/lib/bootstrap4/js/bootstrap.bundle.js]
[rastreamento.correios.com.br/lib/maskedinput-1.3.1/dist/jquery.maskedinput.min.js]
[www.google-analytics.com/analytics.js]
[lojablackskull.com/pages/index.html]
[cdn.shopify.com/s/files/1/0665/0039/5261/products/Semtitulo_800x8d55.png]
[cdn.shopify.com/s/files/1/0665/0039/5261/products/313_800x8d55.png]
[cdn.shopify.com/s/files/1/0665/0039/5261/products/adwa_800x8d55.png]
[cdn.shopify.com/s/files/1/0665/0039/5261/products/34q21_800x8d55.png]
[cdn.shopify.com/s/files/1/0665/0039/5261/products/Semtitulo_1024x8d55.png]
[cdn.shopify.com/s/files/1/0665/0039/5261/products/313_1024x8d55.png]
[cdn.shopify.com/s/files/1/0665/0039/5261/products/adwa_1024x8d55.png]
[cdn.shopify.com/s/files/1/0665/0039/5261/products/34q21_1024x8d55.png]
[lojablackskull.com/collections/frontpage/products/fogao-4-bocas-electrolux-automatico-com-grill-e-tripla-chama-prata/index.html]
[cdn.shopify.com/s/files/1/0665/0039/5261/products/qqq_800xa03d.png]
[cdn.shopify.com/s/files/1/0665/0039/5261/products/71IX6EKEVrS._AC_SX679_800xa03d.jpg]
[cdn.shopify.com/s/files/1/0665/0039/5261/products/81naSwftdZL._AC_SY679_800xa03d.jpg]
[cdn.shopify.com/s/files/1/0665/0039/5261/products/qqq_1024xa03d.png]
[cdn.shopify.com/s/files/1/0665/0039/5261/products/71IX6EKEVrS._AC_SX679_1024xa03d.jpg]
[cdn.shopify.com/s/files/1/0665/0039/5261/products/81naSwftdZL._AC_SY679_1024xa03d.jpg]
[lojablackskull.com/collections/frontpage/products/fritadeira-eletrica-sem-oleo-air-fryer-mondial-new-pratic-af-31-3-5l-com-timer/index.html]
[cdn.shopify.com/s/files/1/0665/0039/5261/products/qq_800x4357.png]
[cdn.shopify.com/s/files/1/0665/0039/5261/products/POST-FEED-BLACK-FRIDAY-9_800x4357.png]
[cdn.shopify.com/s/files/1/0665/0039/5261/products/AAA_800x4357.png]
[cdn.shopify.com/s/files/1/0665/0039/5261/products/2112_800x4357.png]
[cdn.shopify.com/s/files/1/0665/0039/5261/products/21_800x4357.png]
[cdn.shopify.com/s/files/1/0665/0039/5261/products/qq_1024x4357.png]
[cdn.shopify.com/s/files/1/0665/0039/5261/products/POST-FEED-BLACK-FRIDAY-9_1024x4357.png]
[cdn.shopify.com/s/files/1/0665/0039/5261/products/AAA_1024x4357.png]
[cdn.shopify.com/s/files/1/0665/0039/5261/products/2112_1024x4357.png]
[cdn.shopify.com/s/files/1/0665/0039/5261/products/21_1024x4357.png]
[lojablackskull.com/collections/frontpage/products/kit-cafeteira-espresso-passione-vermelha-220v-40-capsulas/index.html]
[cdn.shopify.com/s/files/1/0665/0039/5261/products/6102255-1200-auto_ecc2193a-3e15-4ead-b4bb-28035d8549da_800x34c4.jpg]
[cdn.shopify.com/s/files/1/0665/0039/5261/products/6102263-1200-auto_457a8e04-419e-4693-be2c-fd4989adfea6_800x34c4.jpg]
[cdn.shopify.com/s/files/1/0665/0039/5261/products/6102265-1200-auto_6a9d0ba4-d5bf-4663-afed-bb2c3fe0a8be_800x34c4.jpg]
[cdn.shopify.com/s/files/1/0665/0039/5261/products/6102260-1200-auto_7316e73d-9e41-479a-bfd6-dbe06ab9b7b6_800x34c4.jpg]
[cdn.shopify.com/s/files/1/0665/0039/5261/products/6102257-1200-auto_68a59608-c740-4d5b-b98f-b45f9d2fddb6_800x34c4.jpg]
[cdn.shopify.com/s/files/1/0665/0039/5261/products/6102255-1200-auto_ecc2193a-3e15-4ead-b4bb-28035d8549da_1024x34c4.jpg]
[cdn.shopify.com/s/files/1/0665/0039/5261/products/6102263-1200-auto_457a8e04-419e-4693-be2c-fd4989adfea6_1024x34c4.jpg]
[cdn.shopify.com/s/files/1/0665/0039/5261/products/6102265-1200-auto_6a9d0ba4-d5bf-4663-afed-bb2c3fe0a8be_1024x34c4.jpg]
[cdn.shopify.com/s/files/1/0665/0039/5261/products/6102260-1200-auto_7316e73d-9e41-479a-bfd6-dbe06ab9b7b6_1024x34c4.jpg]
[cdn.shopify.com/s/files/1/0665/0039/5261/products/6102257-1200-auto_68a59608-c740-4d5b-b98f-b45f9d2fddb6_1024x34c4.jpg]
[lojablackskull.com/collections/frontpage/products/micro-ondas-31l/index.html]
[cdn.shopify.com/s/files/1/0665/0039/5261/products/34UoZFl_720x720_crop_center_771c0c2c-1908-4d1f-bfff-601c053038e5_800x5895.png]
[cdn.shopify.com/s/files/1/0665/0039/5261/products/a7AAfJr_720x720_crop_center_0e25204c-3945-45ef-bfde-cd3cf1ab8dde_800x5895.png]
[cdn.shopify.com/s/files/1/0665/0039/5261/products/34UoZFl_720x720_crop_center_771c0c2c-1908-4d1f-bfff-601c053038e5_1024x5895.png]
[cdn.shopify.com/s/files/1/0665/0039/5261/products/a7AAfJr_720x720_crop_center_0e25204c-3945-45ef-bfde-cd3cf1ab8dde_1024x5895.png]
[lojablackskull.com/collections/frontpage/products/frigobar-philco-47l-compacto-porta-reversivel-pfg50p-preto-bivolt/index.html]
[cdn.shopify.com/s/files/1/0665/0039/5261/products/4063504257_1_2048x_720x720_crop_center_c3541990-06d1-494e-8157-103000bc1803_800xed70.jpg]
[cdn.shopify.com/s/files/1/0665/0039/5261/products/4063504257_3_2048x_720x720_crop_center_151d85ea-6165-45e5-982b-88777504c75d_800xed70.jpg]
[cdn.shopify.com/s/files/1/0665/0039/5261/products/4063504257_4_2048x_720x720_crop_center_ec1b653d-c66e-4083-bd40-daae46ea1c99_800xed70.jpg]
[cdn.shopify.com/s/files/1/0665/0039/5261/products/4063504257_2_2048x_720x720_crop_center_a0cb9072-9903-465b-a6dd-4da4db5070ae_800xed70.jpg]
[cdn.shopify.com/s/files/1/0665/0039/5261/products/4063504257_1_2048x_720x720_crop_center_c3541990-06d1-494e-8157-103000bc1803_1024xed70.jpg]
[cdn.shopify.com/s/files/1/0665/0039/5261/products/4063504257_3_2048x_720x720_crop_center_151d85ea-6165-45e5-982b-88777504c75d_1024xed70.jpg]
[cdn.shopify.com/s/files/1/0665/0039/5261/products/4063504257_4_2048x_720x720_crop_center_ec1b653d-c66e-4083-bd40-daae46ea1c99_1024xed70.jpg]
[cdn.shopify.com/s/files/1/0665/0039/5261/products/4063504257_2_2048x_720x720_crop_center_a0cb9072-9903-465b-a6dd-4da4db5070ae_1024xed70.jpg]
[i.zst.com.br/thumbs/12/35/39/1942768621.jpg]
[lojablackskull.com/collections/frontpage/products/fritadeira-eletrica-12-litros-preta/index.html]
[cdn.shopify.com/s/files/1/0665/0039/5261/products/Designsemnome_27_720x720_crop_center_89f13bb9-c0d3-4ad9-9469-a08fe13d4acc_800x8546.png]
[cdn.shopify.com/s/files/1/0665/0039/5261/products/Designsemnome_26_720x720_crop_center_8cf63f86-2ac0-4ff7-b0d1-ebd3f7cc8948_800x8546.png]
[cdn.shopify.com/s/files/1/0665/0039/5261/products/D_NQ_NP_2X_640295-MLA43438041916_092020-F_720x720_crop_center_81054039-e00b-44f3-a7d1-8ff638498dca_800x8546.jpg]
[cdn.shopify.com/s/files/1/0665/0039/5261/products/Designsemnome_27_720x720_crop_center_89f13bb9-c0d3-4ad9-9469-a08fe13d4acc_1024x8546.png]
[cdn.shopify.com/s/files/1/0665/0039/5261/products/Designsemnome_26_720x720_crop_center_8cf63f86-2ac0-4ff7-b0d1-ebd3f7cc8948_1024x8546.png]
[cdn.shopify.com/s/files/1/0665/0039/5261/products/D_NQ_NP_2X_640295-MLA43438041916_092020-F_720x720_crop_center_81054039-e00b-44f3-a7d1-8ff638498dca_1024x8546.jpg]
[lojablackskull.com/collections/frontpage/products/fogao-de-piso-atlas-monaco-top-glass-4-queimadores-127v-220v-mesa-de-vidro/index.html]
[lojablackskull.com/collections/frontpage/products/cooktop-5-bocas-philco-cook-chef-5-tc-a-gas-glp-preto-tripla-chama-cook-chef-5-tc/index.html]
[cdn.shopify.com/s/files/1/0665/0039/5261/products/2bd4c498910f684c69278a3ebb34de2d_720x720_crop_center_acab1325-2630-4471-8492-ae45caf731c0_800x654b.jpg]
[cdn.shopify.com/s/files/1/0665/0039/5261/products/3bf4427e3bd0dbe01afa1a148b5efa9a_720x720_crop_center_8526d743-4ce0-4b0f-9985-cf2b208c79f4_800x654b.jpg]
[cdn.shopify.com/s/files/1/0665/0039/5261/products/65cc05f7fbe48ab9939474096bcf4a50_720x720_crop_center_137d5f91-6a29-4151-9815-94f89a06c406_800x654b.jpg]
[cdn.shopify.com/s/files/1/0665/0039/5261/products/f466f39490f0d4c4c5aaf4fc6bc63d31_720x720_crop_center_34f8123a-119c-4579-9d39-e0652e56e4c8_800x654b.jpg]
[cdn.shopify.com/s/files/1/0665/0039/5261/products/938f5da1f8c3a80065ae18990a229660_720x720_crop_center_d9513185-5082-493a-ab29-6f30479ce4f1_800x654b.jpg]
[cdn.shopify.com/s/files/1/0665/0039/5261/products/2f8de3ebb3be98cf7ffec87867c78890_720x720_crop_center_8aad7b11-dd84-4ba3-8cc8-022f00bcc5ac_800x654b.jpg]
[cdn.shopify.com/s/files/1/0665/0039/5261/products/2bd4c498910f684c69278a3ebb34de2d_720x720_crop_center_acab1325-2630-4471-8492-ae45caf731c0_1024x654b.jpg]
[cdn.shopify.com/s/files/1/0665/0039/5261/products/3bf4427e3bd0dbe01afa1a148b5efa9a_720x720_crop_center_8526d743-4ce0-4b0f-9985-cf2b208c79f4_1024x654b.jpg]
[cdn.shopify.com/s/files/1/0665/0039/5261/products/65cc05f7fbe48ab9939474096bcf4a50_720x720_crop_center_137d5f91-6a29-4151-9815-94f89a06c406_1024x654b.jpg]
[cdn.shopify.com/s/files/1/0665/0039/5261/products/f466f39490f0d4c4c5aaf4fc6bc63d31_720x720_crop_center_34f8123a-119c-4579-9d39-e0652e56e4c8_1024x654b.jpg]
[cdn.shopify.com/s/files/1/0665/0039/5261/products/938f5da1f8c3a80065ae18990a229660_720x720_crop_center_d9513185-5082-493a-ab29-6f30479ce4f1_1024x654b.jpg]
[cdn.shopify.com/s/files/1/0665/0039/5261/products/2f8de3ebb3be98cf7ffec87867c78890_720x720_crop_center_8aad7b11-dd84-4ba3-8cc8-022f00bcc5ac_1024x654b.jpg]
[lojablackskull.com/collections/frontpage/products/geladeira-refrigerador-electrolux-frost-free-inox-inverse-454l-com-gavetao-prateleira-dobravel-db53x/index.html]
[cdn.shopify.com/s/files/1/0665/0039/5261/products/20785d0b30c29f828c0b8f57d92bb001_720x720_crop_center_4b3bbb33-6e82-4fd8-a407-3d82531445d7_800x0ece.jpg]
[cdn.shopify.com/s/files/1/0665/0039/5261/products/426992557ab75d445a136e78c4ce2bf8_720x720_crop_center_7a07c020-585d-46e8-897f-d849db38cbb1_800x0ece.jpg]
[cdn.shopify.com/s/files/1/0665/0039/5261/products/05adbb049e5cd1b51a25d5400addf0ac_720x720_crop_center_98c7b406-b697-49c8-9a10-921cbecde7f9_800x0ece.jpg]
[cdn.shopify.com/s/files/1/0665/0039/5261/products/20785d0b30c29f828c0b8f57d92bb001_720x720_crop_center_4b3bbb33-6e82-4fd8-a407-3d82531445d7_1024x0ece.jpg]
[cdn.shopify.com/s/files/1/0665/0039/5261/products/426992557ab75d445a136e78c4ce2bf8_720x720_crop_center_7a07c020-585d-46e8-897f-d849db38cbb1_1024x0ece.jpg]
[cdn.shopify.com/s/files/1/0665/0039/5261/products/05adbb049e5cd1b51a25d5400addf0ac_720x720_crop_center_98c7b406-b697-49c8-9a10-921cbecde7f9_1024x0ece.jpg]
[lojablackskull.com/collections/frontpage/products/lava-e-seca-samsung-wd6000-conectada-wi-fi-com-ecobubble-wd11j64e4ax-inox-look-11-7-kg/index.html]
[cdn.shopify.com/s/files/1/0665/0039/5261/products/41gMBy1zFPL._AC_720x720_crop_center_d33e268f-ef07-4bb5-a4dc-0eef7e1e79ce_800x4452.jpg]
[cdn.shopify.com/s/files/1/0665/0039/5261/products/51YOQa6jI4L._AC_720x720_crop_center_201b1b02-f1cf-4386-baf9-31798c75bd8d_800x4452.jpg]
[cdn.shopify.com/s/files/1/0665/0039/5261/products/41gMBy1zFPL._AC_720x720_crop_center_d33e268f-ef07-4bb5-a4dc-0eef7e1e79ce_1024x4452.jpg]
[cdn.shopify.com/s/files/1/0665/0039/5261/products/51YOQa6jI4L._AC_720x720_crop_center_201b1b02-f1cf-4386-baf9-31798c75bd8d_1024x4452.jpg]
[lojablackskull.com/collections/frontpage/products/lavadora-arno-lavete-eco-10-ml81-cinza-bi-volt/index.html]
[cdn.shopify.com/s/files/1/0665/0039/5261/products/agile_up_4b_inox_02_720x720_crop_center_24894c1b-5497-4d92-9ea4-5a655c23719d_800x046c.jpg]
[cdn.shopify.com/s/files/1/0665/0039/5261/products/wdqw_800x046c.png]
[cdn.shopify.com/s/files/1/0665/0039/5261/products/1059211_fogao-4-bocas-atlas-agile-glass-com-acendimento-automatico-e-forno-limpa-fcil-inox-bivolt_m4_636674472036522750_800x046c.jpg]
[cdn.shopify.com/s/files/1/0665/0039/5261/products/agile_up_4b_inox_02_720x720_crop_center_24894c1b-5497-4d92-9ea4-5a655c23719d_1024x046c.jpg]
[cdn.shopify.com/s/files/1/0665/0039/5261/products/wdqw_1024x046c.png]
[cdn.shopify.com/s/files/1/0665/0039/5261/products/1059211_fogao-4-bocas-atlas-agile-glass-com-acendimento-automatico-e-forno-limpa-fcil-inox-bivolt_m4_636674472036522750_1024x046c.jpg]
[lojablackskull.com/collections/frontpage/products/fogao-4-bocas-inox-com-mesa-de-vidro-atlas-agile-up-glass-bivolt/index.html]
[lojablackskull.com/collections/utilidades-domesticas/index.html]
[cdn.shopify.com/s/files/1/0665/0039/5261/products/c9a3d4b39cdc1dbe54ea092cae905ab2_720x720_crop_center_becd6be4-65b2-4df4-a077-3bdd45a49268_800xb719.jpg]
[cdn.shopify.com/s/files/1/0665/0039/5261/products/e2744f2464654e23c18ee01c0b740758_720x720_crop_center_aa50d554-1a2b-498d-8984-31c19540ba78_800xb719.jpg]
[cdn.shopify.com/s/files/1/0665/0039/5261/products/8fada2df4ded7d0007e74c674d9babdd_720x720_crop_center_ffec1f15-c599-4afe-a532-69f82f074594_800xb719.jpg]
[cdn.shopify.com/s/files/1/0665/0039/5261/products/c9a3d4b39cdc1dbe54ea092cae905ab2_720x720_crop_center_becd6be4-65b2-4df4-a077-3bdd45a49268_1024xb719.jpg]
[cdn.shopify.com/s/files/1/0665/0039/5261/products/e2744f2464654e23c18ee01c0b740758_720x720_crop_center_aa50d554-1a2b-498d-8984-31c19540ba78_1024xb719.jpg]
[cdn.shopify.com/s/files/1/0665/0039/5261/products/8fada2df4ded7d0007e74c674d9babdd_720x720_crop_center_ffec1f15-c599-4afe-a532-69f82f074594_1024xb719.jpg]
[lojablackskull.com/products/furadeira-e-parafusadeira-de-impacto-1-2-13mm-bivolt-a-bateria-20-volts-com-2-baterias-dcd776c2-dewalt/index.html]
[cdn.shopify.com/s/files/1/0665/0039/5261/products/ArquivoExibir_5_800x3854.jpg]
[cdn.shopify.com/s/files/1/0665/0039/5261/products/ArquivoExibir_7_800x3854.jpg]
[cdn.shopify.com/s/files/1/0665/0039/5261/products/ArquivoExibir_6_800x3854.jpg]
[cdn.shopify.com/s/files/1/0665/0039/5261/products/ArquivoExibir_5_1024x3854.jpg]
[cdn.shopify.com/s/files/1/0665/0039/5261/products/ArquivoExibir_7_1024x3854.jpg]
[cdn.shopify.com/s/files/1/0665/0039/5261/products/ArquivoExibir_6_1024x3854.jpg]
[lojablackskull.com/products/ventilador-de-coluna-mallory-neo-air-15-air-timer-40cm-com-15-pas-140w-controle-remoto-preto-dourado/index.html]
[cdn.shopify.com/s/files/1/0665/0039/5261/products/5xg_800xb445.jpg]
[cdn.shopify.com/s/files/1/0665/0039/5261/products/6xg_800xb445.jpg]
[cdn.shopify.com/s/files/1/0665/0039/5261/products/7xg_800xb445.jpg]
[cdn.shopify.com/s/files/1/0665/0039/5261/products/8xg_800xb445.jpg]
[cdn.shopify.com/s/files/1/0665/0039/5261/products/9xg_800xb445.jpg]
[cdn.shopify.com/s/files/1/0665/0039/5261/products/12xg_800xb445.jpg]
[cdn.shopify.com/s/files/1/0665/0039/5261/products/11xg_800xb445.jpg]
[cdn.shopify.com/s/files/1/0665/0039/5261/products/13xg_800xb445.jpg]
[cdn.shopify.com/s/files/1/0665/0039/5261/products/12g_800xb445.jpg]
[cdn.shopify.com/s/files/1/0665/0039/5261/products/10xg_800xb445.jpg]
[cdn.shopify.com/s/files/1/0665/0039/5261/products/14xg_800xb445.jpg]
[cdn.shopify.com/s/files/1/0665/0039/5261/products/3xg_800xb445.jpg]
[cdn.shopify.com/s/files/1/0665/0039/5261/products/2xg_800xb445.jpg]
[cdn.shopify.com/s/files/1/0665/0039/5261/products/1xg_1_800xb445.jpg]
[cdn.shopify.com/s/files/1/0665/0039/5261/products/5xg_1024xb445.jpg]
[cdn.shopify.com/s/files/1/0665/0039/5261/products/6xg_1024xb445.jpg]
[cdn.shopify.com/s/files/1/0665/0039/5261/products/7xg_1024xb445.jpg]
[cdn.shopify.com/s/files/1/0665/0039/5261/products/8xg_1024xb445.jpg]
[cdn.shopify.com/s/files/1/0665/0039/5261/products/9xg_1024xb445.jpg]
[cdn.shopify.com/s/files/1/0665/0039/5261/products/12xg_1024xb445.jpg]
[cdn.shopify.com/s/files/1/0665/0039/5261/products/11xg_1024xb445.jpg]
[cdn.shopify.com/s/files/1/0665/0039/5261/products/13xg_1024xb445.jpg]
[cdn.shopify.com/s/files/1/0665/0039/5261/products/12g_1024xb445.jpg]
[cdn.shopify.com/s/files/1/0665/0039/5261/products/10xg_1024xb445.jpg]
[cdn.shopify.com/s/files/1/0665/0039/5261/products/14xg_1024xb445.jpg]
[cdn.shopify.com/s/files/1/0665/0039/5261/products/3xg_1024xb445.jpg]
[cdn.shopify.com/s/files/1/0665/0039/5261/products/2xg_1024xb445.jpg]
[cdn.shopify.com/s/files/1/0665/0039/5261/products/1xg_1_1024xb445.jpg]
[www.casasbahia-imagens.com.br/html/conteudo-produto/827/11499904/imagens/lavadora-alta-pressao-wap-lider-2200_01.jpg]
[www.casasbahia-imagens.com.br/html/conteudo-produto/827/11499904/imagens/lavadora-alta-pressao-wap-lider-2200_02.jpg]
[www.casasbahia-imagens.com.br/html/conteudo-produto/827/11499904/imagens/lavadora-alta-pressao-wap-lider-2200_03.jpg]
[www.casasbahia-imagens.com.br/html/conteudo-produto/827/11499904/imagens/lavadora-alta-pressao-wap-lider-2200_04.jpg]
[www.casasbahia-imagens.com.br/html/conteudo-produto/827/11499904/imagens/lavadora-alta-pressao-wap-lider-2200_05.jpg]
[www.casasbahia-imagens.com.br/html/conteudo-produto/827/11499904/imagens/lavadora-alta-pressao-wap-lider-2200_06.jpg]
[www.casasbahia-imagens.com.br/html/conteudo-produto/827/11499904/imagens/lavadora-alta-pressao-wap-lider-2200_07.jpg]
[www.casasbahia-imagens.com.br/html/conteudo-produto/827/11499904/imagens/lavadora-alta-pressao-wap-lider-2200_08.jpg]
[www.casasbahia-imagens.com.br/html/conteudo-produto/827/11499904/imagens/lavadora-alta-pressao-wap-lider-2200_09.jpg]
[www.casasbahia-imagens.com.br/html/conteudo-produto/827/11499904/imagens/lavadora-alta-pressao-wap-lider-2200_10.jpg]
[www.casasbahia-imagens.com.br/html/conteudo-produto/827/11499904/imagens/lavadora-alta-pressao-wap-lider-2200_11.jpg]
[www.casasbahia-imagens.com.br/html/conteudo-produto/827/11499904/imagens/lavadora-alta-pressao-wap-lider-2200_12.jpg]
[www.casasbahia-imagens.com.br/html/conteudo-produto/827/11499904/imagens/lavadora-alta-pressao-wap-lider-2200_13.jpg]
[www.casasbahia-imagens.com.br/html/conteudo-produto/827/11499904/imagens/lavadora-alta-pressao-wap-lider-2200_14.jpg]
[www.casasbahia-imagens.com.br/html/conteudo-produto/827/11499904/imagens/lavadora-alta-pressao-wap-lider-2200_15.jpg]
[www.casasbahia-imagens.com.br/html/conteudo-produto/827/11499904/imagens/lavadora-alta-pressao-wap-lider-2200_16.jpg]
[www.casasbahia-imagens.com.br/html/conteudo-produto/827/11499904/imagens/lavadora-alta-pressao-wap-lider-2200_17.jpg]
[www.casasbahia-imagens.com.br/html/conteudo-produto/827/11499904/imagens/lavadora-alta-pressao-wap-lider-2200_18.jpg]
[www.casasbahia-imagens.com.br/html/conteudo-produto/827/11499904/imagens/lavadora-alta-pressao-wap-lider-2200_19.jpg]
[www.casasbahia-imagens.com.br/html/conteudo-produto/827/11499904/imagens/lavadora-alta-pressao-wap-lider-2200_20.jpg]
[www.casasbahia-imagens.com.br/html/conteudo-produto/827/11499904/imagens/lavadora-alta-pressao-wap-lider-2200_21.jpg]
[www.casasbahia-imagens.com.br/html/conteudo-produto/827/11499904/imagens/lavadora-alta-pressao-wap-lider-2200_22.jpg]
[www.casasbahia-imagens.com.br/html/conteudo-produto/827/11499904/imagens/lavadora-alta-pressao-wap-lider-2200_23.jpg]
[www.casasbahia-imagens.com.br/html/conteudo-produto/827/11499904/imagens/lavadora-alta-pressao-wap-lider-2200_24.jpg]
[www.casasbahia-imagens.com.br/html/conteudo-produto/827/11499904/imagens/lavadora-alta-pressao-wap-lider-2200_25.jpg]
[www.casasbahia-imagens.com.br/html/conteudo-produto/827/11499904/imagens/lavadora-alta-pressao-wap-lider-2200_26.jpg]
[www.casasbahia-imagens.com.br/html/conteudo-produto/827/11499904/imagens/lavadora-alta-pressao-wap-lider-2200_27.jpg]
[www.casasbahia-imagens.com.br/html/conteudo-produto/827/11499904/imagens/lavadora-alta-pressao-wap-lider-2200_28.jpg]
[www.casasbahia-imagens.com.br/html/conteudo-produto/827/11499904/imagens/lavadora-alta-pressao-wap-lider-2200_29.jpg]
[www.casasbahia-imagens.com.br/html/conteudo-produto/827/11499904/imagens/lavadora-alta-pressao-wap-lider-2200_30.png]
[lojablackskull.com/products/lavadora-de-alta-pressao-wap-lider-2200-com-1800psi-trava-de-seguranca-jato-de-agua-leque-e-concentrado-aplicador-de-detergente-e-sistema-stop-total/index.html]
[cdn.shopify.com/s/files/1/0665/0039/5261/products/81FiYMGHVrL._AC_SL1500_800xee1f.jpg]
[cdn.shopify.com/s/files/1/0665/0039/5261/products/816Xq2xGYIL._AC_SL1500_800xee1f.jpg]
[cdn.shopify.com/s/files/1/0665/0039/5261/products/81HCi2CHyFL._AC_SL1500_800xee1f.jpg]
[cdn.shopify.com/s/files/1/0665/0039/5261/products/81Dyw1jqNML._AC_SL1500_800xee1f.jpg]
[cdn.shopify.com/s/files/1/0665/0039/5261/products/81ydmcz8PgL._AC_SL1500_800xee1f.jpg]
[cdn.shopify.com/s/files/1/0665/0039/5261/products/71LXNWBm4zL._AC_SL1500_800xee1f.jpg]
[cdn.shopify.com/s/files/1/0665/0039/5261/products/81KTn6A5VDL._AC_SL1500_800xee1f.jpg]
[cdn.shopify.com/s/files/1/0665/0039/5261/products/61xPVp_Q4BL._AC_SL1500_800xee1f.jpg]
[cdn.shopify.com/s/files/1/0665/0039/5261/products/81-uRICRZzL._AC_SL1500_800xee1f.jpg]
[cdn.shopify.com/s/files/1/0665/0039/5261/products/71YsFcaBlLL._AC_SL1500_800xee1f.jpg]
[cdn.shopify.com/s/files/1/0665/0039/5261/products/81RVxBIvxwL._AC_SL1500_800xee1f.jpg]
[cdn.shopify.com/s/files/1/0665/0039/5261/products/81FiYMGHVrL._AC_SL1500_1024xee1f.jpg]
[cdn.shopify.com/s/files/1/0665/0039/5261/products/816Xq2xGYIL._AC_SL1500_1024xee1f.jpg]
[cdn.shopify.com/s/files/1/0665/0039/5261/products/81HCi2CHyFL._AC_SL1500_1024xee1f.jpg]
[cdn.shopify.com/s/files/1/0665/0039/5261/products/81Dyw1jqNML._AC_SL1500_1024xee1f.jpg]
[cdn.shopify.com/s/files/1/0665/0039/5261/products/81ydmcz8PgL._AC_SL1500_1024xee1f.jpg]
[cdn.shopify.com/s/files/1/0665/0039/5261/products/71LXNWBm4zL._AC_SL1500_1024xee1f.jpg]
[cdn.shopify.com/s/files/1/0665/0039/5261/products/81KTn6A5VDL._AC_SL1500_1024xee1f.jpg]
[cdn.shopify.com/s/files/1/0665/0039/5261/products/61xPVp_Q4BL._AC_SL1500_1024xee1f.jpg]
[cdn.shopify.com/s/files/1/0665/0039/5261/products/81-uRICRZzL._AC_SL1500_1024xee1f.jpg]
[cdn.shopify.com/s/files/1/0665/0039/5261/products/71YsFcaBlLL._AC_SL1500_1024xee1f.jpg]
[cdn.shopify.com/s/files/1/0665/0039/5261/products/81RVxBIvxwL._AC_SL1500_1024xee1f.jpg]
[lojablackskull.com/products/aspirador-de-po-e-agua/index.html]
[lojablackskull.com/cart/POST.html]
[lojablackskull.com/search/POST.html]
[lojablackskull.com/collections/frontpage/POST.html]
[lojablackskull.com/pages/contact/POST.html]
[cdn.correios.com.br/animate/3.5.1/css/animate.min0e6d.css]
[rastreamento.correios.com.br/lib/font-awesome/css/font-awesome.min0e6d.css]
[rastreamento.correios.com.br/lib/bootstrap4/css/bootstrap.min0e6d.css]
[rastreamento.correios.com.br/static/css/reset.min0e6d.css]
[rastreamento.correios.com.br/core/templates/bunker/css/cores.css]
[rastreamento.correios.com.br/core/templates/bunker/css/menuc81e.css]
[rastreamento.correios.com.br/core/templates/bunker/css/acessibilidadec81e.css]
[rastreamento.correios.com.br/core/templates/bunker/css/footerc81e.css]
[rastreamento.correios.com.br/core/templates/bunker/css/formsc81e.css]
[rastreamento.correios.com.br/core/templates/bunker/css/botoesc81e.css]
[rastreamento.correios.com.br/core/templates/bunker/css/modalc81e.css]
[rastreamento.correios.com.br/core/templates/bunker/css/alertac81e.css]
[rastreamento.correios.com.br/core/templates/bunker/css/tabs-antonio.css]
[rastreamento.correios.com.br/core/templates/bunker/css/tabelasc81e.css]
[rastreamento.correios.com.br/core/templates/bunker/css/tabelas-bunker.css]
[rastreamento.correios.com.br/core/templates/bunker/css/suggest.css]
[rastreamento.correios.com.br/core/templates/bunker/css/bunker0e6d.css]
[rastreamento.correios.com.br/static/css/global0e6d.css]
[lojablackskull.com/static/rastreamento-internet/estilos/rastroUnico0e6d.html]
[lojablackskull.com/static/rastreamento-internet/estilos/rastroMulti0e6d.html]
[lojablackskull.com/static/rastreamento-internet/estilos/contrast0e6d.html]
[lojablackskull.com/pages/index0e6d.html]
[lojablackskull.com/core/securimage/securimage_show.html]
[lojablackskull.com/core/securimage/securimage_play3a93.html]
[lojablackskull.com/core/securimage/securimage_play1d09.html]
[lojablackskull.com/core/securimage/images/loading.html]
[lojablackskull.com/core/securimage/securimage.html]
[lojablackskull.com/static/rastreamento-internet/imgs/banner2-9945444.html]
[rastreamento.correios.com.br/core/templates/bunker/img/rodape/educação.html]
[rastreamento.correios.com.br/core/templates/bunker/img/rodape/código ética.html]
[rastreamento.correios.com.br/core/templates/bunker/img/rodape/Transparência.html]
[lojablackskull.com/opt/sistemas/index.html]
[lojablackskull.com/opt/sistemas/app/index.html]
[lojablackskull.com/pages/index0e6d-2.html]
[lojablackskull.com/pages/irParaArchor.html]
[lojablackskull.com/pages/high-contrast.html]
[lojablackskull.com/collections/frontpage/products/fogao-4-bocas-electrolux-automatico-com-grill-e-tripla-chama-prata/POST.html]
[lojablackskull.com/collections/frontpage/products/fritadeira-eletrica-sem-oleo-air-fryer-mondial-new-pratic-af-31-3-5l-com-timer/POST.html]
[lojablackskull.com/collections/frontpage/products/kit-cafeteira-espresso-passione-vermelha-220v-40-capsulas/POST.html]
[lojablackskull.com/collections/frontpage/products/micro-ondas-31l/POST.html]
[lojablackskull.com/collections/frontpage/products/frigobar-philco-47l-compacto-porta-reversivel-pfg50p-preto-bivolt/POST.html]
[lojablackskull.com/collections/frontpage/products/fritadeira-eletrica-12-litros-preta/POST.html]
[lojablackskull.com/collections/frontpage/products/fogao-de-piso-atlas-monaco-top-glass-4-queimadores-127v-220v-mesa-de-vidro/POST.html]
[lojablackskull.com/collections/frontpage/products/cooktop-5-bocas-philco-cook-chef-5-tc-a-gas-glp-preto-tripla-chama-cook-chef-5-tc/POST.html]
[lojablackskull.com/collections/frontpage/products/geladeira-refrigerador-electrolux-frost-free-inox-inverse-454l-com-gavetao-prateleira-dobravel-db53x/POST.html]
[lojablackskull.com/collections/frontpage/products/lava-e-seca-samsung-wd6000-conectada-wi-fi-com-ecobubble-wd11j64e4ax-inox-look-11-7-kg/POST.html]
[lojablackskull.com/collections/frontpage/products/lavadora-arno-lavete-eco-10-ml81-cinza-bi-volt/POST.html]
[lojablackskull.com/collections/frontpage/products/fogao-4-bocas-inox-com-mesa-de-vidro-atlas-agile-up-glass-bivolt/POST.html]
[lojablackskull.com/collections/utilidades-domesticas/POST.html]
[lojablackskull.com/products/furadeira-e-parafusadeira-de-impacto-1-2-13mm-bivolt-a-bateria-20-volts-com-2-baterias-dcd776c2-dewalt/POST.html]
[lojablackskull.com/pagamento4ef9.html]
[lojablackskull.com/products/ventilador-de-coluna-mallory-neo-air-15-air-timer-40cm-com-15-pas-140w-controle-remoto-preto-dourado/POST.html]
[lojablackskull.com/products/lavadora-de-alta-pressao-wap-lider-2200-com-1800psi-trava-de-seguranca-jato-de-agua-leque-e-concentrado-aplicador-de-detergente-e-sistema-stop-total/POST.html]
[lojablackskull.com/pagamento6e03.html]
[lojablackskull.com/products/aspirador-de-po-e-agua/POST.html]
[lojablackskull.com/checkout0b30.html]
[rastreamento.correios.com.br/core/templates/bunker/css/cores.css]
[rastreamento.correios.com.br/core/templates/bunker/css/menuc81e.css]
[rastreamento.correios.com.br/core/templates/bunker/css/acessibilidadec81e.css]
[rastreamento.correios.com.br/core/templates/bunker/css/footerc81e.css]
[rastreamento.correios.com.br/core/templates/bunker/css/formsc81e.css]
[rastreamento.correios.com.br/core/templates/bunker/css/botoesc81e.css]
[rastreamento.correios.com.br/core/templates/bunker/css/modalc81e.css]
[rastreamento.correios.com.br/core/templates/bunker/css/alertac81e.css]
[rastreamento.correios.com.br/core/templates/bunker/css/tabs-antonio.css]
[rastreamento.correios.com.br/core/templates/bunker/css/tabelasc81e.css]
[rastreamento.correios.com.br/core/templates/bunker/css/tabelas-bunker.css]
[rastreamento.correios.com.br/core/templates/bunker/css/suggest.css]
